<?xml version="1.0" encoding="UTF-8"?>
<testsuite xmlns:xsi="http://www.w3.org/2001/XMLSchema-instance" xsi:noNamespaceSchemaLocation="https://maven.apache.org/surefire/maven-surefire-plugin/xsd/surefire-test-report-3.0.xsd" version="3.0" name="uk.ac.ed.inf.AStarTest" time="4.05" tests="4" errors="0" skipped="0" failures="0">
  <properties>
    <property name="java.specification.version" value="18"/>
    <property name="sun.jnu.encoding" value="UTF-8"/>
    <property name="java.class.path" value="/Users/abhayrakeshdeshmukhmaurya/Desktop/CS/ilp/target/test-classes:/Users/abhayrakeshdeshmukhmaurya/Desktop/CS/ilp/target/classes:/Users/abhayrakeshdeshmukhmaurya/.m2/repository/uk/ac/ed/inf/ilp/IlpDataObjects/1.0.0-SNAPSHOT/IlpDataObjects-1.0.0-SNAPSHOT.jar:/Users/abhayrakeshdeshmukhmaurya/.m2/repository/junit/junit/4.13.1/junit-4.13.1.jar:/Users/abhayrakeshdeshmukhmaurya/.m2/repository/org/hamcrest/hamcrest-core/1.3/hamcrest-core-1.3.jar:/Users/abhayrakeshdeshmukhmaurya/.m2/repository/pl/pragmatists/JUnitParams/1.1.1/JUnitParams-1.1.1.jar:/Users/abhayrakeshdeshmukhmaurya/.m2/repository/com/fasterxml/jackson/core/jackson-databind/2.15.3/jackson-databind-2.15.3.jar:/Users/abhayrakeshdeshmukhmaurya/.m2/repository/com/fasterxml/jackson/core/jackson-annotations/2.15.3/jackson-annotations-2.15.3.jar:/Users/abhayrakeshdeshmukhmaurya/.m2/repository/com/fasterxml/jackson/core/jackson-core/2.15.3/jackson-core-2.15.3.jar:/Users/abhayrakeshdeshmukhmaurya/.m2/repository/com/fasterxml/jackson/datatype/jackson-datatype-jsr310/2.15.2/jackson-datatype-jsr310-2.15.2.jar:/Users/abhayrakeshdeshmukhmaurya/.m2/repository/org/json/json/20231013/json-20231013.jar:"/>
    <property name="java.vm.vendor" value="Oracle Corporation"/>
    <property name="sun.arch.data.model" value="64"/>
    <property name="java.vendor.url" value="https://java.oracle.com/"/>
    <property name="os.name" value="Mac OS X"/>
    <property name="java.vm.specification.version" value="18"/>
    <property name="sun.java.launcher" value="SUN_STANDARD"/>
    <property name="user.country" value="GB"/>
    <property name="sun.boot.library.path" value="/Library/Java/JavaVirtualMachines/jdk-18.0.2.1.jdk/Contents/Home/lib"/>
    <property name="sun.java.command" value="/Users/abhayrakeshdeshmukhmaurya/Desktop/CS/ilp/target/surefire/surefirebooter-20231203183529215_3.jar /Users/abhayrakeshdeshmukhmaurya/Desktop/CS/ilp/target/surefire 2023-12-03T18-35-29_138-jvmRun1 surefire-20231203183529215_1tmp surefire_0-20231203183529215_2tmp"/>
    <property name="http.nonProxyHosts" value="local|*.local|169.254/16|*.169.254/16"/>
    <property name="jdk.debug" value="release"/>
    <property name="surefire.test.class.path" value="/Users/abhayrakeshdeshmukhmaurya/Desktop/CS/ilp/target/test-classes:/Users/abhayrakeshdeshmukhmaurya/Desktop/CS/ilp/target/classes:/Users/abhayrakeshdeshmukhmaurya/.m2/repository/uk/ac/ed/inf/ilp/IlpDataObjects/1.0.0-SNAPSHOT/IlpDataObjects-1.0.0-SNAPSHOT.jar:/Users/abhayrakeshdeshmukhmaurya/.m2/repository/junit/junit/4.13.1/junit-4.13.1.jar:/Users/abhayrakeshdeshmukhmaurya/.m2/repository/org/hamcrest/hamcrest-core/1.3/hamcrest-core-1.3.jar:/Users/abhayrakeshdeshmukhmaurya/.m2/repository/pl/pragmatists/JUnitParams/1.1.1/JUnitParams-1.1.1.jar:/Users/abhayrakeshdeshmukhmaurya/.m2/repository/com/fasterxml/jackson/core/jackson-databind/2.15.3/jackson-databind-2.15.3.jar:/Users/abhayrakeshdeshmukhmaurya/.m2/repository/com/fasterxml/jackson/core/jackson-annotations/2.15.3/jackson-annotations-2.15.3.jar:/Users/abhayrakeshdeshmukhmaurya/.m2/repository/com/fasterxml/jackson/core/jackson-core/2.15.3/jackson-core-2.15.3.jar:/Users/abhayrakeshdeshmukhmaurya/.m2/repository/com/fasterxml/jackson/datatype/jackson-datatype-jsr310/2.15.2/jackson-datatype-jsr310-2.15.2.jar:/Users/abhayrakeshdeshmukhmaurya/.m2/repository/org/json/json/20231013/json-20231013.jar:"/>
    <property name="sun.cpu.endian" value="little"/>
    <property name="user.home" value="/Users/abhayrakeshdeshmukhmaurya"/>
    <property name="user.language" value="en"/>
    <property name="java.specification.vendor" value="Oracle Corporation"/>
    <property name="java.version.date" value="2022-08-18"/>
    <property name="java.home" value="/Library/Java/JavaVirtualMachines/jdk-18.0.2.1.jdk/Contents/Home"/>
    <property name="file.separator" value="/"/>
    <property name="basedir" value="/Users/abhayrakeshdeshmukhmaurya/Desktop/CS/ilp"/>
    <property name="java.vm.compressedOopsMode" value="Zero based"/>
    <property name="line.separator" value="&#10;"/>
    <property name="java.vm.specification.vendor" value="Oracle Corporation"/>
    <property name="java.specification.name" value="Java Platform API Specification"/>
    <property name="apple.awt.application.name" value="ForkedBooter"/>
    <property name="surefire.real.class.path" value="/Users/abhayrakeshdeshmukhmaurya/Desktop/CS/ilp/target/surefire/surefirebooter-20231203183529215_3.jar"/>
    <property name="sun.management.compiler" value="HotSpot 64-Bit Tiered Compilers"/>
    <property name="ftp.nonProxyHosts" value="local|*.local|169.254/16|*.169.254/16"/>
    <property name="java.runtime.version" value="18.0.2.1+1-1"/>
    <property name="user.name" value="abhayrakeshdeshmukhmaurya"/>
    <property name="path.separator" value=":"/>
    <property name="os.version" value="13.6"/>
    <property name="java.runtime.name" value="Java(TM) SE Runtime Environment"/>
    <property name="file.encoding" value="UTF-8"/>
    <property name="java.vm.name" value="Java HotSpot(TM) 64-Bit Server VM"/>
    <property name="localRepository" value="/Users/abhayrakeshdeshmukhmaurya/.m2/repository"/>
    <property name="java.vendor.url.bug" value="https://bugreport.java.com/bugreport/"/>
    <property name="java.io.tmpdir" value="/var/folders/g6/l9c_w0xj7zv_8_35j60mvnm80000gp/T/"/>
    <property name="idea.version" value="2023.2.2"/>
    <property name="java.version" value="18.0.2.1"/>
    <property name="user.dir" value="/Users/abhayrakeshdeshmukhmaurya/Desktop/CS/ilp"/>
    <property name="os.arch" value="aarch64"/>
    <property name="java.vm.specification.name" value="Java Virtual Machine Specification"/>
    <property name="native.encoding" value="UTF-8"/>
    <property name="java.library.path" value="/Users/abhayrakeshdeshmukhmaurya/Library/Java/Extensions:/Library/Java/Extensions:/Network/Library/Java/Extensions:/System/Library/Java/Extensions:/usr/lib/java:."/>
    <property name="java.vm.info" value="mixed mode, sharing"/>
    <property name="java.vendor" value="Oracle Corporation"/>
    <property name="java.vm.version" value="18.0.2.1+1-1"/>
    <property name="sun.io.unicode.encoding" value="UnicodeBig"/>
    <property name="socksNonProxyHosts" value="local|*.local|169.254/16|*.169.254/16"/>
    <property name="java.class.version" value="62.0"/>
  </properties>
  <testcase name="testOrderController" classname="uk.ac.ed.inf.AStarTest" time="1.276">
    <system-out><![CDATA[&amp#27;[32mVALIDATED_ORDERS&amp#27;[0m
uk.ac.ed.inf.ilp.data.Order@a5063eef
uk.ac.ed.inf.ilp.data.Order@fee9f6
uk.ac.ed.inf.ilp.data.Order@1cf29080
uk.ac.ed.inf.ilp.data.Order@254ce63e
uk.ac.ed.inf.ilp.data.Order@4be3c381
uk.ac.ed.inf.ilp.data.Order@f3de15ad
uk.ac.ed.inf.ilp.data.Order@f5540fbb
uk.ac.ed.inf.ilp.data.Order@6bdfe15b
uk.ac.ed.inf.ilp.data.Order@bbfbf1af
uk.ac.ed.inf.ilp.data.Order@2639995a
uk.ac.ed.inf.ilp.data.Order@30def64c
uk.ac.ed.inf.ilp.data.Order@3224a7b4
uk.ac.ed.inf.ilp.data.Order@7003a02a
uk.ac.ed.inf.ilp.data.Order@4e63c4d1
uk.ac.ed.inf.ilp.data.Order@ab0650d4
uk.ac.ed.inf.ilp.data.Order@be235387
uk.ac.ed.inf.ilp.data.Order@8017aa12
uk.ac.ed.inf.ilp.data.Order@f47aa595
uk.ac.ed.inf.ilp.data.Order@e0adef6c
uk.ac.ed.inf.ilp.data.Order@bbf298e6
uk.ac.ed.inf.ilp.data.Order@e43666
uk.ac.ed.inf.ilp.data.Order@c73cb906
uk.ac.ed.inf.ilp.data.Order@2d58f412
uk.ac.ed.inf.ilp.data.Order@73ecad98
uk.ac.ed.inf.ilp.data.Order@491d8925
uk.ac.ed.inf.ilp.data.Order@824a8e66
uk.ac.ed.inf.ilp.data.Order@67f7b064
uk.ac.ed.inf.ilp.data.Order@4db545d1
uk.ac.ed.inf.ilp.data.Order@88c0da90
uk.ac.ed.inf.ilp.data.Order@9dad1a48
uk.ac.ed.inf.ilp.data.Order@131e839c
uk.ac.ed.inf.ilp.data.Order@fe36ffc2
uk.ac.ed.inf.ilp.data.Order@41f04338
uk.ac.ed.inf.ilp.data.Order@cafeffcb
uk.ac.ed.inf.ilp.data.Order@bbcdef91
uk.ac.ed.inf.ilp.data.Order@68882b04
uk.ac.ed.inf.ilp.data.Order@3d4189d
uk.ac.ed.inf.ilp.data.Order@c838d71d
uk.ac.ed.inf.ilp.data.Order@572be8cd
uk.ac.ed.inf.ilp.data.Order@4a043e51
uk.ac.ed.inf.ilp.data.Order@8487622b
uk.ac.ed.inf.ilp.data.Order@ef518c0a
uk.ac.ed.inf.ilp.data.Order@15ff3e8a
uk.ac.ed.inf.ilp.data.Order@fecf7c2f
uk.ac.ed.inf.ilp.data.Order@520b67cb
uk.ac.ed.inf.ilp.data.Order@985bca15
uk.ac.ed.inf.ilp.data.Order@7f058a92
uk.ac.ed.inf.ilp.data.Order@5944efea
uk.ac.ed.inf.ilp.data.Order@f1be8df6
uk.ac.ed.inf.ilp.data.Order@fdc1c384
uk.ac.ed.inf.ilp.data.Order@991bcfd4
uk.ac.ed.inf.ilp.data.Order@b3926c42
uk.ac.ed.inf.ilp.data.Order@6275fe13
uk.ac.ed.inf.ilp.data.Order@a78e6e3d
uk.ac.ed.inf.ilp.data.Order@c7e50efa
uk.ac.ed.inf.ilp.data.Order@4707258e
uk.ac.ed.inf.ilp.data.Order@7d485287
uk.ac.ed.inf.ilp.data.Order@c2054340
]]></system-out>
  </testcase>
  <testcase name="testAStarForRestaurantSoraLella" classname="uk.ac.ed.inf.AStarTest" time="0.674">
    <system-out><![CDATA[NamedRegion[name=central, vertices=[Luk.ac.ed.inf.ilp.data.LngLat;@7dda48d9]
uk.ac.ed.inf.data.Node@6436a7db
]]></system-out>
  </testcase>
  <testcase name="Astar" classname="uk.ac.ed.inf.AStarTest" time="1.033"/>
  <testcase name="testAStarForRestaurantSodeberg" classname="uk.ac.ed.inf.AStarTest" time="1.031">
    <system-out><![CDATA[NamedRegion[name=central, vertices=[Luk.ac.ed.inf.ilp.data.LngLat;@6e950bcf]
]]></system-out>
  </testcase>
</testsuite>